
  .   ____          _            __ _ _
 /\\ / ___'_ __ _ _(_)_ __  __ _ \ \ \ \
( ( )\___ | '_ | '_| | '_ \/ _` | \ \ \ \
 \\/  ___)| |_)| | | | | || (_| |  ) ) ) )
  '  |____| .__|_| |_|_| |_\__, | / / / /
 =========|_|==============|___/=/_/_/_/

 :: Spring Boot ::                (v3.3.4)

2026-05-16T23:21:09.784+05:30  INFO 11052 --- [chauki-api] [           main] io.chauki.api.ChaukiApplication          : Starting ChaukiApplication v1.0.0-SNAPSHOT using Java 17.0.12 with PID 11052 (D:\pixelbyte\codebase\chauki\api\target\chauki-api-1.0.0-SNAPSHOT.jar started by manme in D:\pixelbyte\codebase\chauki\api)
2026-05-16T23:21:09.786+05:30  INFO 11052 --- [chauki-api] [           main] io.chauki.api.ChaukiApplication          : No active profile set, falling back to 1 default profile: "default"
2026-05-16T23:21:10.456+05:30  INFO 11052 --- [chauki-api] [           main] .s.d.r.c.RepositoryConfigurationDelegate : Multiple Spring Data modules found, entering strict repository configuration mode
2026-05-16T23:21:10.456+05:30  INFO 11052 --- [chauki-api] [           main] .s.d.r.c.RepositoryConfigurationDelegate : Bootstrapping Spring Data MongoDB repositories in DEFAULT mode.
2026-05-16T23:21:10.551+05:30  INFO 11052 --- [chauki-api] [           main] .s.d.r.c.RepositoryConfigurationDelegate : Finished Spring Data repository scanning in 90 ms. Found 1 MongoDB repository interface.
2026-05-16T23:21:10.560+05:30  INFO 11052 --- [chauki-api] [           main] .s.d.r.c.RepositoryConfigurationDelegate : Multiple Spring Data modules found, entering strict repository configuration mode
2026-05-16T23:21:10.562+05:30  INFO 11052 --- [chauki-api] [           main] .s.d.r.c.RepositoryConfigurationDelegate : Bootstrapping Spring Data Redis repositories in DEFAULT mode.
2026-05-16T23:21:10.571+05:30  INFO 11052 --- [chauki-api] [           main] .RepositoryConfigurationExtensionSupport : Spring Data Redis - Could not safely identify store assignment for repository candidate interface io.chauki.api.word.WordRepository; If you want this repository to be a Redis repository, consider annotating your entities with one of these annotations: org.springframework.data.redis.core.RedisHash (preferred), or consider extending one of the following types with your repository: org.springframework.data.keyvalue.repository.KeyValueRepository
2026-05-16T23:21:10.575+05:30  INFO 11052 --- [chauki-api] [           main] .s.d.r.c.RepositoryConfigurationDelegate : Finished Spring Data repository scanning in 4 ms. Found 0 Redis repository interfaces.
2026-05-16T23:21:10.911+05:30  INFO 11052 --- [chauki-api] [           main] o.s.b.w.embedded.tomcat.TomcatWebServer  : Tomcat initialized with port 8080 (http)
2026-05-16T23:21:10.919+05:30  INFO 11052 --- [chauki-api] [           main] o.apache.catalina.core.StandardService   : Starting service [Tomcat]
2026-05-16T23:21:10.922+05:30  INFO 11052 --- [chauki-api] [           main] o.apache.catalina.core.StandardEngine    : Starting Servlet engine: [Apache Tomcat/10.1.30]
2026-05-16T23:21:10.948+05:30  INFO 11052 --- [chauki-api] [           main] o.a.c.c.C.[Tomcat].[localhost].[/]       : Initializing Spring embedded WebApplicationContext
2026-05-16T23:21:10.948+05:30  INFO 11052 --- [chauki-api] [           main] w.s.c.ServletWebServerApplicationContext : Root WebApplicationContext: initialization completed in 1126 ms
2026-05-16T23:21:11.173+05:30  INFO 11052 --- [chauki-api] [           main] org.mongodb.driver.client                : MongoClient with metadata {"driver": {"name": "mongo-java-driver|sync|spring-boot", "version": "5.0.1"}, "os": {"type": "Windows", "name": "Windows 11", "architecture": "amd64", "version": "10.0"}, "platform": "Java/Oracle Corporation/17.0.12+8-LTS-286"} created with settings MongoClientSettings{readPreference=primary, writeConcern=WriteConcern{w=null, wTimeout=null ms, journal=null}, retryWrites=true, retryReads=true, readConcern=ReadConcern{level=null}, credential=null, transportSettings=null, commandListeners=[io.micrometer.core.instrument.binder.mongodb.MongoMetricsCommandListener@1eab8437], codecRegistry=ProvidersCodecRegistry{codecProviders=[ValueCodecProvider{}, BsonValueCodecProvider{}, DBRefCodecProvider{}, DBObjectCodecProvider{}, DocumentCodecProvider{}, CollectionCodecProvider{}, IterableCodecProvider{}, MapCodecProvider{}, GeoJsonCodecProvider{}, GridFSFileCodecProvider{}, Jsr310CodecProvider{}, JsonObjectCodecProvider{}, BsonCodecProvider{}, EnumCodecProvider{}, com.mongodb.client.model.mql.ExpressionCodecProvider@72eed547, com.mongodb.Jep395RecordCodecProvider@69ffdaa8, com.mongodb.KotlinCodecProvider@2a1e57c6]}, loggerSettings=LoggerSettings{maxDocumentLength=1000}, clusterSettings={hosts=[localhost:27017], srvServiceName=mongodb, mode=SINGLE, requiredClusterType=UNKNOWN, requiredReplicaSetName='null', serverSelector='null', clusterListeners='[]', serverSelectionTimeout='30000 ms', localThreshold='15 ms'}, socketSettings=SocketSettings{connectTimeoutMS=10000, readTimeoutMS=0, receiveBufferSize=0, proxySettings=ProxySettings{host=null, port=null, username=null, password=null}}, heartbeatSocketSettings=SocketSettings{connectTimeoutMS=10000, readTimeoutMS=10000, receiveBufferSize=0, proxySettings=ProxySettings{host=null, port=null, username=null, password=null}}, connectionPoolSettings=ConnectionPoolSettings{maxSize=100, minSize=0, maxWaitTimeMS=120000, maxConnectionLifeTimeMS=0, maxConnectionIdleTimeMS=0, maintenanceInitialDelayMS=0, maintenanceFrequencyMS=60000, connectionPoolListeners=[io.micrometer.core.instrument.binder.mongodb.MongoMetricsConnectionPoolListener@68d6f48e], maxConnecting=2}, serverSettings=ServerSettings{heartbeatFrequencyMS=10000, minHeartbeatFrequencyMS=500, serverListeners='[]', serverMonitorListeners='[]'}, sslSettings=SslSettings{enabled=false, invalidHostNameAllowed=false, context=null}, applicationName='null', compressorList=[], uuidRepresentation=JAVA_LEGACY, serverApi=null, autoEncryptionSettings=null, dnsClient=null, inetAddressResolver=null, contextProvider=null}
2026-05-16T23:21:11.199+05:30  INFO 11052 --- [chauki-api] [localhost:27017] org.mongodb.driver.cluster               : Monitor thread successfully connected to server with description ServerDescription{address=localhost:27017, type=STANDALONE, state=CONNECTED, ok=true, minWireVersion=0, maxWireVersion=21, maxDocumentSize=16777216, logicalSessionTimeoutMinutes=30, roundTripTimeNanos=16039100}
2026-05-16T23:21:11.930+05:30  INFO 11052 --- [chauki-api] [           main] o.s.b.a.e.web.EndpointLinksResolver      : Exposing 2 endpoints beneath base path '/actuator'
2026-05-16T23:21:11.977+05:30  INFO 11052 --- [chauki-api] [           main] o.s.b.w.embedded.tomcat.TomcatWebServer  : Tomcat started on port 8080 (http) with context path '/'
2026-05-16T23:21:11.977+05:30  INFO 11052 --- [chauki-api] [           main] io.chauki.api.ChaukiApplication          : Started ChaukiApplication in 2.481 seconds (process running for 2.778)
2026-05-16T23:21:12.024+05:30  INFO 11052 --- [chauki-api] [           main] io.chauki.api.word.WordLoader            : Loading word lists from D:\pixelbyte\codebase\chauki\data
2026-05-16T23:21:12.910+05:30  INFO 11052 --- [chauki-api] [           main] io.chauki.api.word.WordLoader            : Word load done: hi=47, hi-daily=20, en=300, en-daily=50
2026-05-16T23:21:36.340+05:30  INFO 11052 --- [chauki-api] [nio-8080-exec-1] o.a.c.c.C.[Tomcat].[localhost].[/]       : Initializing Spring DispatcherServlet 'dispatcherServlet'
2026-05-16T23:21:36.340+05:30  INFO 11052 --- [chauki-api] [nio-8080-exec-1] o.s.web.servlet.DispatcherServlet        : Initializing Servlet 'dispatcherServlet'
2026-05-16T23:21:36.340+05:30  INFO 11052 --- [chauki-api] [nio-8080-exec-1] o.s.web.servlet.DispatcherServlet        : Completed initialization in 0 ms
